[30Dec2024 00:01:31.581] [Server thread/WARN] [net.minecraft.server.MinecraftServer/]: Can't keep up! Is the server overloaded? Running 2887ms or 57 ticks behind
[30Dec2024 00:01:31.719] [Server thread/WARN] [net.minecraft.server.network.ServerGamePacketListenerImpl/]: Spooken_YT moved too quickly! -8.922697966875376,1.4199999868869781,-4.507500084444018
[30Dec2024 00:01:49.748] [Server thread/WARN] [net.minecraft.server.MinecraftServer/]: Can't keep up! Is the server overloaded? Running 2004ms or 40 ticks behind
[30Dec2024 00:02:19.887] [Server thread/INFO] [net.minecraft.server.network.ServerGamePacketListenerImpl/]: Tycyone1 lost connection: Disconnected
[30Dec2024 00:02:19.889] [Server thread/INFO] [net.minecraft.server.MinecraftServer/]: Tycyone1 left the game
[30Dec2024 00:24:08.185] [Server thread/WARN] [net.minecraft.server.MinecraftServer/]: Can't keep up! Is the server overloaded? Running 2041ms or 40 ticks behind
[30Dec2024 01:10:24.419] [Server thread/WARN] [net.minecraft.server.MinecraftServer/]: Can't keep up! Is the server overloaded? Running 2025ms or 40 ticks behind
[30Dec2024 01:31:45.121] [Server thread/INFO] [net.minecraft.server.players.PlayerList/]: MaurossjFLAMA[/127.56.87.190:45993] logged in with entity id 27810 at (-1062.0579895844057, 105.0, 4167.185390335738)
[30Dec2024 01:31:45.204] [Server thread/INFO] [net.minecraft.server.MinecraftServer/]: MaurossjFLAMA joined the game
[30Dec2024 01:31:45.223] [Server thread/INFO] [Jade/]: Syncing config to MaurossjFLAMA (1deb0062-6e95-3483-b392-a6fc11fc5903)
[30Dec2024 01:31:48.687] [Server thread/WARN] [net.minecraft.server.MinecraftServer/]: Can't keep up! Is the server overloaded? Running 3643ms or 72 ticks behind
[30Dec2024 01:32:05.490] [Server thread/INFO] [net.minecraft.server.MinecraftServer/]: [MaurossjFLAMA: Teleported MaurossjFLAMA to Spooken_YT]
[30Dec2024 01:32:15.264] [Server thread/INFO] [net.minecraft.server.network.ServerGamePacketListenerImpl/]: MaurossjFLAMA lost connection: Timed out
[30Dec2024 01:32:15.265] [Server thread/INFO] [net.minecraft.server.MinecraftServer/]: MaurossjFLAMA left the game
[30Dec2024 01:32:30.673] [Server thread/INFO] [net.minecraft.server.players.PlayerList/]: MaurossjFLAMA[/127.56.87.190:43147] logged in with entity id 28254 at (-323.5061158617377, 113.0, 3261.5003973029548)
[30Dec2024 01:32:30.773] [Server thread/INFO] [net.minecraft.server.MinecraftServer/]: MaurossjFLAMA joined the game
[30Dec2024 01:32:30.935] [Server thread/INFO] [Jade/]: Syncing config to MaurossjFLAMA (1deb0062-6e95-3483-b392-a6fc11fc5903)
[30Dec2024 01:33:00.754] [Server thread/INFO] [net.minecraft.server.network.ServerGamePacketListenerImpl/]: MaurossjFLAMA lost connection: Timed out
[30Dec2024 01:33:00.755] [Server thread/INFO] [net.minecraft.server.MinecraftServer/]: MaurossjFLAMA left the game
[30Dec2024 01:33:18.271] [Server thread/INFO] [net.minecraft.server.players.PlayerList/]: MaurossjFLAMA[/127.56.87.190:60555] logged in with entity id 28369 at (-323.5061158617377, 113.0, 3261.5003973029548)
[30Dec2024 01:33:18.291] [Server thread/INFO] [net.minecraft.server.MinecraftServer/]: MaurossjFLAMA joined the game
[30Dec2024 01:33:18.516] [Server thread/INFO] [Jade/]: Syncing config to MaurossjFLAMA (1deb0062-6e95-3483-b392-a6fc11fc5903)
[30Dec2024 01:33:48.358] [Server thread/INFO] [net.minecraft.server.network.ServerGamePacketListenerImpl/]: MaurossjFLAMA lost connection: Timed out
[30Dec2024 01:33:48.359] [Server thread/INFO] [net.minecraft.server.MinecraftServer/]: MaurossjFLAMA left the game
[30Dec2024 01:46:39.352] [Server thread/INFO] [net.minecraft.server.network.ServerGamePacketListenerImpl/]: Spooken_YT lost connection: Disconnected
[30Dec2024 01:46:39.353] [Server thread/INFO] [net.minecraft.server.MinecraftServer/]: Spooken_YT left the game
